INFO  [2023-08-17 07:51:45,341] io.dropwizard.server.DefaultServerFactory: Registering jersey handler with root path prefix: /
INFO  [2023-08-17 07:51:45,344] io.dropwizard.server.DefaultServerFactory: Registering admin handler with root path prefix: /
INFO  [2023-08-17 07:51:45,745] org.hibernate.Version: HHH000412: Hibernate Core {5.2.15.Final}
INFO  [2023-08-17 07:51:45,749] org.hibernate.cfg.Environment: HHH000206: hibernate.properties not found
INFO  [2023-08-17 07:51:45,769] io.dropwizard.hibernate.SessionFactoryFactory: Entity classes: [vn.supperapp.apigw.db.dto.Account, vn.supperapp.apigw.db.dto.ApiLog, vn.supperapp.apigw.db.dto.AppConfig, vn.supperapp.apigw.db.dto.AppDevice, vn.supperapp.apigw.db.dto.AppImage, vn.supperapp.apigw.db.dto.AppUser, vn.supperapp.apigw.db.dto.AppUserWidget, vn.supperapp.apigw.db.dto.AppWidget, vn.supperapp.apigw.db.dto.Area, vn.supperapp.apigw.db.dto.Assignee, vn.supperapp.apigw.db.dto.Bank, vn.supperapp.apigw.db.dto.Blog, vn.supperapp.apigw.db.dto.BlogComment, vn.supperapp.apigw.db.dto.BlogGroup, vn.supperapp.apigw.db.dto.BlogLike, vn.supperapp.apigw.db.dto.BlogTag, vn.supperapp.apigw.db.dto.BlogType, vn.supperapp.apigw.db.dto.BlogViewer, vn.supperapp.apigw.db.dto.Branch, vn.supperapp.apigw.db.dto.CheckIn, vn.supperapp.apigw.db.dto.CheckInImages, vn.supperapp.apigw.db.dto.DayOff, vn.supperapp.apigw.db.dto.DayOffType, vn.supperapp.apigw.db.dto.Department, vn.supperapp.apigw.db.dto.Employee, vn.supperapp.apigw.db.dto.GroupData, vn.supperapp.apigw.db.dto.GroupDataPackage, vn.supperapp.apigw.db.dto.HrDepartment, vn.supperapp.apigw.db.dto.HrEmployee, vn.supperapp.apigw.db.dto.HrEmployeeContract, vn.supperapp.apigw.db.dto.HrEmployeeEducation, vn.supperapp.apigw.db.dto.HrEmployeeRank, vn.supperapp.apigw.db.dto.HrEmployeeWorkHistory, vn.supperapp.apigw.db.dto.HrParam, vn.supperapp.apigw.db.dto.HrParamValue, vn.supperapp.apigw.db.dto.HrPosition, vn.supperapp.apigw.db.dto.HrRelationship, vn.supperapp.apigw.db.dto.HrTypeWork, vn.supperapp.apigw.db.dto.InviteLog, vn.supperapp.apigw.db.dto.InviteReferralLink, vn.supperapp.apigw.db.dto.Issue, vn.supperapp.apigw.db.dto.IssueComment, vn.supperapp.apigw.db.dto.IssueConfigValue, vn.supperapp.apigw.db.dto.IssueLogWork, vn.supperapp.apigw.db.dto.News, vn.supperapp.apigw.db.dto.NotificationLog, vn.supperapp.apigw.db.dto.Organization, vn.supperapp.apigw.db.dto.PaymentInfoUser, vn.supperapp.apigw.db.dto.PaymentRequest, vn.supperapp.apigw.db.dto.PersonalSchedule, vn.supperapp.apigw.db.dto.ProductProperties, vn.supperapp.apigw.db.dto.ProductPropertiesValue, vn.supperapp.apigw.db.dto.Project, vn.supperapp.apigw.db.dto.Register, vn.supperapp.apigw.db.dto.ScheduleConfig, vn.supperapp.apigw.db.dto.ServicePartner, vn.supperapp.apigw.db.dto.Shift, vn.supperapp.apigw.db.dto.TimeKeeping, vn.supperapp.apigw.db.dto.TransEWallet, vn.supperapp.apigw.db.dto.TransPartner, vn.supperapp.apigw.db.dto.Transaction, vn.supperapp.apigw.db.dto.TransactionTemplate, vn.supperapp.apigw.db.dto.UserBank]
INFO  [2023-08-17 07:51:45,840] org.hibernate.annotations.common.Version: HCANN000001: Hibernate Commons Annotations {5.0.1.Final}
ERROR [2023-08-17 07:51:52,917] org.apache.tomcat.jdbc.pool.ConnectionPool: Unable to create initial connections of pool.
! java.net.ConnectException: Connection refused: connect
! at sun.nio.ch.Net.connect0(Native Method)
! at sun.nio.ch.Net.connect(Net.java:454)
! at sun.nio.ch.Net.connect(Net.java:446)
! at sun.nio.ch.SocketChannelImpl.connect(SocketChannelImpl.java:648)
! at java.nio.channels.SocketChannel.open(SocketChannel.java:189)
! at oracle.net.nt.TimeoutSocketChannel.connect(TimeoutSocketChannel.java:99)
! at oracle.net.nt.TimeoutSocketChannel.<init>(TimeoutSocketChannel.java:77)
! at oracle.net.nt.TcpNTAdapter.connect(TcpNTAdapter.java:192)
! ... 51 common frames omitted
! Causing: java.io.IOException: Connection refused: connect, socket connect lapse 2031 ms. localhost/0:0:0:0:0:0:0:1 1521 0 2 true
! at oracle.net.nt.TcpNTAdapter.connect(TcpNTAdapter.java:233)
! at oracle.net.nt.ConnOption.connect(ConnOption.java:174)
! at oracle.net.nt.ConnStrategy.execute(ConnStrategy.java:510)
! ... 49 common frames omitted
! Causing: oracle.net.ns.NetException: The Network Adapter could not establish the connection
! at oracle.net.nt.ConnStrategy.execute(ConnStrategy.java:571)
! at oracle.net.resolver.AddrResolution.resolveAndExecute(AddrResolution.java:548)
! at oracle.net.ns.NSProtocol.establishConnection(NSProtocol.java:682)
! at oracle.net.ns.NSProtocol.connect(NSProtocol.java:309)
! at oracle.jdbc.driver.T4CConnection.connect(T4CConnection.java:1596)
! at oracle.jdbc.driver.T4CConnection.logon(T4CConnection.java:588)
! ... 44 common frames omitted
! Causing: java.sql.SQLRecoverableException: IO Error: The Network Adapter could not establish the connection
! at oracle.jdbc.driver.T4CConnection.logon(T4CConnection.java:854)
! at oracle.jdbc.driver.PhysicalConnection.connect(PhysicalConnection.java:793)
! at oracle.jdbc.driver.T4CDriverExtension.getConnection(T4CDriverExtension.java:57)
! at oracle.jdbc.driver.OracleDriver.connect(OracleDriver.java:747)
! at oracle.jdbc.driver.OracleDriver.connect(OracleDriver.java:562)
! at org.apache.tomcat.jdbc.pool.PooledConnection.connectUsingDriver(PooledConnection.java:319)
! at org.apache.tomcat.jdbc.pool.PooledConnection.connect(PooledConnection.java:212)
! at org.apache.tomcat.jdbc.pool.ConnectionPool.createConnection(ConnectionPool.java:739)
! at org.apache.tomcat.jdbc.pool.ConnectionPool.borrowConnection(ConnectionPool.java:671)
! at org.apache.tomcat.jdbc.pool.ConnectionPool.init(ConnectionPool.java:483)
! at org.apache.tomcat.jdbc.pool.ConnectionPool.<init>(ConnectionPool.java:154)
! at org.apache.tomcat.jdbc.pool.DataSourceProxy.pCreatePool(DataSourceProxy.java:118)
! at org.apache.tomcat.jdbc.pool.DataSourceProxy.createPool(DataSourceProxy.java:107)
! at org.apache.tomcat.jdbc.pool.DataSourceProxy.getConnection(DataSourceProxy.java:131)
! at org.hibernate.engine.jdbc.connections.internal.DatasourceConnectionProviderImpl.getConnection(DatasourceConnectionProviderImpl.java:122)
! at org.hibernate.engine.jdbc.env.internal.JdbcEnvironmentInitiator$ConnectionProviderJdbcConnectionAccess.obtainConnection(JdbcEnvironmentInitiator.java:180)
! at org.hibernate.engine.jdbc.env.internal.JdbcEnvironmentInitiator.initiateService(JdbcEnvironmentInitiator.java:68)
! at org.hibernate.engine.jdbc.env.internal.JdbcEnvironmentInitiator.initiateService(JdbcEnvironmentInitiator.java:35)
! at org.hibernate.boot.registry.internal.StandardServiceRegistryImpl.initiateService(StandardServiceRegistryImpl.java:88)
! at org.hibernate.service.internal.AbstractServiceRegistryImpl.createService(AbstractServiceRegistryImpl.java:259)
! at org.hibernate.service.internal.AbstractServiceRegistryImpl.initializeService(AbstractServiceRegistryImpl.java:233)
! at org.hibernate.service.internal.AbstractServiceRegistryImpl.getService(AbstractServiceRegistryImpl.java:210)
! at org.hibernate.engine.jdbc.internal.JdbcServicesImpl.configure(JdbcServicesImpl.java:51)
! at org.hibernate.boot.registry.internal.StandardServiceRegistryImpl.configureService(StandardServiceRegistryImpl.java:94)
! at org.hibernate.service.internal.AbstractServiceRegistryImpl.initializeService(AbstractServiceRegistryImpl.java:242)
! at org.hibernate.service.internal.AbstractServiceRegistryImpl.getService(AbstractServiceRegistryImpl.java:210)
! at org.hibernate.boot.model.process.spi.MetadataBuildingProcess.handleTypes(MetadataBuildingProcess.java:352)
! at org.hibernate.boot.model.process.spi.MetadataBuildingProcess.complete(MetadataBuildingProcess.java:111)
! at org.hibernate.boot.model.process.spi.MetadataBuildingProcess.build(MetadataBuildingProcess.java:83)
! at org.hibernate.boot.internal.MetadataBuilderImpl.build(MetadataBuilderImpl.java:418)
! at org.hibernate.boot.internal.MetadataBuilderImpl.build(MetadataBuilderImpl.java:87)
! at org.hibernate.cfg.Configuration.buildSessionFactory(Configuration.java:691)
! at io.dropwizard.hibernate.SessionFactoryFactory.buildSessionFactory(SessionFactoryFactory.java:96)
! at io.dropwizard.hibernate.SessionFactoryFactory.build(SessionFactoryFactory.java:49)
! at io.dropwizard.hibernate.SessionFactoryFactory.build(SessionFactoryFactory.java:39)
! at io.dropwizard.hibernate.HibernateBundle.run(HibernateBundle.java:67)
! at io.dropwizard.hibernate.HibernateBundle.run(HibernateBundle.java:19)
! at io.dropwizard.setup.Bootstrap.run(Bootstrap.java:200)
! at io.dropwizard.cli.EnvironmentCommand.run(EnvironmentCommand.java:42)
! at io.dropwizard.cli.ConfiguredCommand.run(ConfiguredCommand.java:87)
! at io.dropwizard.cli.Cli.run(Cli.java:78)
! at io.dropwizard.Application.run(Application.java:93)
! at vn.supperapp.apigw.apps.EAppManager.startHttpApp(EAppManager.java:36)
! at vn.supperapp.apigw.apps.EAppManager.start(EAppManager.java:61)
! at vn.supperapp.apigw.apps.EAppStart.main(EAppStart.java:19)
WARN  [2023-08-17 07:51:52,919] org.hibernate.engine.jdbc.env.internal.JdbcEnvironmentInitiator: HHH000342: Could not obtain connection to query metadata : IO Error: The Network Adapter could not establish the connection
INFO  [2023-08-17 07:51:52,955] org.hibernate.dialect.Dialect: HHH000400: Using dialect: org.hibernate.dialect.OracleDialect
WARN  [2023-08-17 07:51:52,966] org.hibernate.dialect.Oracle9Dialect: HHH000063: The Oracle9Dialect dialect has been deprecated; use either Oracle9iDialect or Oracle10gDialect instead
WARN  [2023-08-17 07:51:52,969] org.hibernate.dialect.OracleDialect: HHH000064: The OracleDialect dialect has been deprecated; use Oracle8iDialect instead
INFO  [2023-08-17 07:51:53,004] org.hibernate.engine.jdbc.env.internal.LobCreatorBuilderImpl: HHH000422: Disabling contextual LOB creation as connection was null
ERROR [2023-08-17 07:52:00,958] org.apache.tomcat.jdbc.pool.ConnectionPool: Unable to create initial connections of pool.
! java.net.ConnectException: Connection refused: connect
! at sun.nio.ch.Net.connect0(Native Method)
! at sun.nio.ch.Net.connect(Net.java:454)
! at sun.nio.ch.Net.connect(Net.java:446)
! at sun.nio.ch.SocketChannelImpl.connect(SocketChannelImpl.java:648)
! at java.nio.channels.SocketChannel.open(SocketChannel.java:189)
! at oracle.net.nt.TimeoutSocketChannel.connect(TimeoutSocketChannel.java:99)
! at oracle.net.nt.TimeoutSocketChannel.<init>(TimeoutSocketChannel.java:77)
! at oracle.net.nt.TcpNTAdapter.connect(TcpNTAdapter.java:192)
! ... 40 common frames omitted
! Causing: java.io.IOException: Connection refused: connect, socket connect lapse 2101 ms. /210.245.52.107 1521 0 1 true
! at oracle.net.nt.TcpNTAdapter.connect(TcpNTAdapter.java:233)
! at oracle.net.nt.ConnOption.connect(ConnOption.java:174)
! at oracle.net.nt.ConnStrategy.execute(ConnStrategy.java:510)
! ... 38 common frames omitted
! Causing: oracle.net.ns.NetException: The Network Adapter could not establish the connection
! at oracle.net.nt.ConnStrategy.execute(ConnStrategy.java:571)
! at oracle.net.resolver.AddrResolution.resolveAndExecute(AddrResolution.java:548)
! at oracle.net.ns.NSProtocol.establishConnection(NSProtocol.java:682)
! at oracle.net.ns.NSProtocol.connect(NSProtocol.java:309)
! at oracle.jdbc.driver.T4CConnection.connect(T4CConnection.java:1596)
! at oracle.jdbc.driver.T4CConnection.logon(T4CConnection.java:588)
! ... 33 common frames omitted
! Causing: java.sql.SQLRecoverableException: IO Error: The Network Adapter could not establish the connection
! at oracle.jdbc.driver.T4CConnection.logon(T4CConnection.java:854)
! at oracle.jdbc.driver.PhysicalConnection.connect(PhysicalConnection.java:793)
! at oracle.jdbc.driver.T4CDriverExtension.getConnection(T4CDriverExtension.java:57)
! at oracle.jdbc.driver.OracleDriver.connect(OracleDriver.java:747)
! at oracle.jdbc.driver.OracleDriver.connect(OracleDriver.java:562)
! at org.apache.tomcat.jdbc.pool.PooledConnection.connectUsingDriver(PooledConnection.java:319)
! at org.apache.tomcat.jdbc.pool.PooledConnection.connect(PooledConnection.java:212)
! at org.apache.tomcat.jdbc.pool.ConnectionPool.createConnection(ConnectionPool.java:739)
! at org.apache.tomcat.jdbc.pool.ConnectionPool.borrowConnection(ConnectionPool.java:671)
! at org.apache.tomcat.jdbc.pool.ConnectionPool.init(ConnectionPool.java:483)
! at org.apache.tomcat.jdbc.pool.ConnectionPool.<init>(ConnectionPool.java:154)
! at org.apache.tomcat.jdbc.pool.DataSourceProxy.pCreatePool(DataSourceProxy.java:118)
! at org.apache.tomcat.jdbc.pool.DataSourceProxy.createPool(DataSourceProxy.java:107)
! at org.apache.tomcat.jdbc.pool.DataSourceProxy.getConnection(DataSourceProxy.java:131)
! at org.hibernate.engine.jdbc.connections.internal.DatasourceConnectionProviderImpl.getConnection(DatasourceConnectionProviderImpl.java:122)
! at org.hibernate.engine.jdbc.env.internal.JdbcEnvironmentInitiator$ConnectionProviderJdbcConnectionAccess.obtainConnection(JdbcEnvironmentInitiator.java:180)
! at org.jadira.usertype.spi.shared.AbstractUserTypeHibernateIntegrator.use42Api(AbstractUserTypeHibernateIntegrator.java:83)
! at org.jadira.usertype.spi.shared.AbstractUserTypeHibernateIntegrator.integrate(AbstractUserTypeHibernateIntegrator.java:206)
! at org.hibernate.internal.SessionFactoryImpl.<init>(SessionFactoryImpl.java:281)
! at org.hibernate.boot.internal.SessionFactoryBuilderImpl.build(SessionFactoryBuilderImpl.java:460)
! at org.hibernate.cfg.Configuration.buildSessionFactory(Configuration.java:710)
! at io.dropwizard.hibernate.SessionFactoryFactory.buildSessionFactory(SessionFactoryFactory.java:96)
! at io.dropwizard.hibernate.SessionFactoryFactory.build(SessionFactoryFactory.java:49)
! at io.dropwizard.hibernate.SessionFactoryFactory.build(SessionFactoryFactory.java:39)
! at io.dropwizard.hibernate.HibernateBundle.run(HibernateBundle.java:67)
! at io.dropwizard.hibernate.HibernateBundle.run(HibernateBundle.java:19)
! at io.dropwizard.setup.Bootstrap.run(Bootstrap.java:200)
! at io.dropwizard.cli.EnvironmentCommand.run(EnvironmentCommand.java:42)
! at io.dropwizard.cli.ConfiguredCommand.run(ConfiguredCommand.java:87)
! at io.dropwizard.cli.Cli.run(Cli.java:78)
! at io.dropwizard.Application.run(Application.java:93)
! at vn.supperapp.apigw.apps.EAppManager.startHttpApp(EAppManager.java:36)
! at vn.supperapp.apigw.apps.EAppManager.start(EAppManager.java:61)
! at vn.supperapp.apigw.apps.EAppStart.main(EAppStart.java:19)
ERROR [2023-08-17 07:52:07,491] org.apache.tomcat.jdbc.pool.ConnectionPool: Unable to create initial connections of pool.
! java.net.ConnectException: Connection refused: connect
! at sun.nio.ch.Net.connect0(Native Method)
! at sun.nio.ch.Net.connect(Net.java:454)
! at sun.nio.ch.Net.connect(Net.java:446)
! at sun.nio.ch.SocketChannelImpl.connect(SocketChannelImpl.java:648)
! at java.nio.channels.SocketChannel.open(SocketChannel.java:189)
! at oracle.net.nt.TimeoutSocketChannel.connect(TimeoutSocketChannel.java:99)
! at oracle.net.nt.TimeoutSocketChannel.<init>(TimeoutSocketChannel.java:77)
! at oracle.net.nt.TcpNTAdapter.connect(TcpNTAdapter.java:192)
! ... 40 common frames omitted
! Causing: java.io.IOException: Connection refused: connect, socket connect lapse 2088 ms. /210.245.52.107 1521 0 1 true
! at oracle.net.nt.TcpNTAdapter.connect(TcpNTAdapter.java:233)
! at oracle.net.nt.ConnOption.connect(ConnOption.java:174)
! at oracle.net.nt.ConnStrategy.execute(ConnStrategy.java:510)
! ... 38 common frames omitted
! Causing: oracle.net.ns.NetException: The Network Adapter could not establish the connection
! at oracle.net.nt.ConnStrategy.execute(ConnStrategy.java:571)
! at oracle.net.resolver.AddrResolution.resolveAndExecute(AddrResolution.java:548)
! at oracle.net.ns.NSProtocol.establishConnection(NSProtocol.java:682)
! at oracle.net.ns.NSProtocol.connect(NSProtocol.java:309)
! at oracle.jdbc.driver.T4CConnection.connect(T4CConnection.java:1596)
! at oracle.jdbc.driver.T4CConnection.logon(T4CConnection.java:588)
! ... 33 common frames omitted
! Causing: java.sql.SQLRecoverableException: IO Error: The Network Adapter could not establish the connection
! at oracle.jdbc.driver.T4CConnection.logon(T4CConnection.java:854)
! at oracle.jdbc.driver.PhysicalConnection.connect(PhysicalConnection.java:793)
! at oracle.jdbc.driver.T4CDriverExtension.getConnection(T4CDriverExtension.java:57)
! at oracle.jdbc.driver.OracleDriver.connect(OracleDriver.java:747)
! at oracle.jdbc.driver.OracleDriver.connect(OracleDriver.java:562)
! at org.apache.tomcat.jdbc.pool.PooledConnection.connectUsingDriver(PooledConnection.java:319)
! at org.apache.tomcat.jdbc.pool.PooledConnection.connect(PooledConnection.java:212)
! at org.apache.tomcat.jdbc.pool.ConnectionPool.createConnection(ConnectionPool.java:739)
! at org.apache.tomcat.jdbc.pool.ConnectionPool.borrowConnection(ConnectionPool.java:671)
! at org.apache.tomcat.jdbc.pool.ConnectionPool.init(ConnectionPool.java:483)
! at org.apache.tomcat.jdbc.pool.ConnectionPool.<init>(ConnectionPool.java:154)
! at org.apache.tomcat.jdbc.pool.DataSourceProxy.pCreatePool(DataSourceProxy.java:118)
! at org.apache.tomcat.jdbc.pool.DataSourceProxy.createPool(DataSourceProxy.java:107)
! at org.apache.tomcat.jdbc.pool.DataSourceProxy.getConnection(DataSourceProxy.java:131)
! at org.hibernate.engine.jdbc.connections.internal.DatasourceConnectionProviderImpl.getConnection(DatasourceConnectionProviderImpl.java:122)
! at org.hibernate.engine.jdbc.env.internal.JdbcEnvironmentInitiator$ConnectionProviderJdbcConnectionAccess.obtainConnection(JdbcEnvironmentInitiator.java:180)
! at org.jadira.usertype.spi.shared.AbstractUserTypeHibernateIntegrator.use42Api(AbstractUserTypeHibernateIntegrator.java:83)
! at org.jadira.usertype.spi.shared.AbstractUserTypeHibernateIntegrator.integrate(AbstractUserTypeHibernateIntegrator.java:206)
! at org.hibernate.internal.SessionFactoryImpl.<init>(SessionFactoryImpl.java:281)
! at org.hibernate.boot.internal.SessionFactoryBuilderImpl.build(SessionFactoryBuilderImpl.java:460)
! at org.hibernate.cfg.Configuration.buildSessionFactory(Configuration.java:710)
! at io.dropwizard.hibernate.SessionFactoryFactory.buildSessionFactory(SessionFactoryFactory.java:96)
! at io.dropwizard.hibernate.SessionFactoryFactory.build(SessionFactoryFactory.java:49)
! at io.dropwizard.hibernate.SessionFactoryFactory.build(SessionFactoryFactory.java:39)
! at io.dropwizard.hibernate.HibernateBundle.run(HibernateBundle.java:67)
! at io.dropwizard.hibernate.HibernateBundle.run(HibernateBundle.java:19)
! at io.dropwizard.setup.Bootstrap.run(Bootstrap.java:200)
! at io.dropwizard.cli.EnvironmentCommand.run(EnvironmentCommand.java:42)
! at io.dropwizard.cli.ConfiguredCommand.run(ConfiguredCommand.java:87)
! at io.dropwizard.cli.Cli.run(Cli.java:78)
! at io.dropwizard.Application.run(Application.java:93)
! at vn.supperapp.apigw.apps.EAppManager.startHttpApp(EAppManager.java:36)
! at vn.supperapp.apigw.apps.EAppManager.start(EAppManager.java:61)
! at vn.supperapp.apigw.apps.EAppStart.main(EAppStart.java:19)
INFO  [2023-08-17 07:52:07,492] org.hibernate.type.BasicTypeRegistry: HHH000270: Type registration [java.util.Currency] overrides previous : org.hibernate.type.CurrencyType@823f978
ERROR [2023-08-17 07:52:13,693] org.apache.tomcat.jdbc.pool.ConnectionPool: Unable to create initial connections of pool.
! java.net.ConnectException: Connection refused: connect
! at sun.nio.ch.Net.connect0(Native Method)
! at sun.nio.ch.Net.connect(Net.java:454)
! at sun.nio.ch.Net.connect(Net.java:446)
! at sun.nio.ch.SocketChannelImpl.connect(SocketChannelImpl.java:648)
! at java.nio.channels.SocketChannel.open(SocketChannel.java:189)
! at oracle.net.nt.TimeoutSocketChannel.connect(TimeoutSocketChannel.java:99)
! at oracle.net.nt.TimeoutSocketChannel.<init>(TimeoutSocketChannel.java:77)
! at oracle.net.nt.TcpNTAdapter.connect(TcpNTAdapter.java:192)
! ... 40 common frames omitted
! Causing: java.io.IOException: Connection refused: connect, socket connect lapse 2115 ms. /210.245.52.107 1521 0 1 true
! at oracle.net.nt.TcpNTAdapter.connect(TcpNTAdapter.java:233)
! at oracle.net.nt.ConnOption.connect(ConnOption.java:174)
! at oracle.net.nt.ConnStrategy.execute(ConnStrategy.java:510)
! ... 38 common frames omitted
! Causing: oracle.net.ns.NetException: The Network Adapter could not establish the connection
! at oracle.net.nt.ConnStrategy.execute(ConnStrategy.java:571)
! at oracle.net.resolver.AddrResolution.resolveAndExecute(AddrResolution.java:548)
! at oracle.net.ns.NSProtocol.establishConnection(NSProtocol.java:682)
! at oracle.net.ns.NSProtocol.connect(NSProtocol.java:309)
! at oracle.jdbc.driver.T4CConnection.connect(T4CConnection.java:1596)
! at oracle.jdbc.driver.T4CConnection.logon(T4CConnection.java:588)
! ... 33 common frames omitted
! Causing: java.sql.SQLRecoverableException: IO Error: The Network Adapter could not establish the connection
! at oracle.jdbc.driver.T4CConnection.logon(T4CConnection.java:854)
! at oracle.jdbc.driver.PhysicalConnection.connect(PhysicalConnection.java:793)
! at oracle.jdbc.driver.T4CDriverExtension.getConnection(T4CDriverExtension.java:57)
! at oracle.jdbc.driver.OracleDriver.connect(OracleDriver.java:747)
! at oracle.jdbc.driver.OracleDriver.connect(OracleDriver.java:562)
! at org.apache.tomcat.jdbc.pool.PooledConnection.connectUsingDriver(PooledConnection.java:319)
! at org.apache.tomcat.jdbc.pool.PooledConnection.connect(PooledConnection.java:212)
! at org.apache.tomcat.jdbc.pool.ConnectionPool.createConnection(ConnectionPool.java:739)
! at org.apache.tomcat.jdbc.pool.ConnectionPool.borrowConnection(ConnectionPool.java:671)
! at org.apache.tomcat.jdbc.pool.ConnectionPool.init(ConnectionPool.java:483)
! at org.apache.tomcat.jdbc.pool.ConnectionPool.<init>(ConnectionPool.java:154)
! at org.apache.tomcat.jdbc.pool.DataSourceProxy.pCreatePool(DataSourceProxy.java:118)
! at org.apache.tomcat.jdbc.pool.DataSourceProxy.createPool(DataSourceProxy.java:107)
! at org.apache.tomcat.jdbc.pool.DataSourceProxy.getConnection(DataSourceProxy.java:131)
! at org.hibernate.engine.jdbc.connections.internal.DatasourceConnectionProviderImpl.getConnection(DatasourceConnectionProviderImpl.java:122)
! at org.hibernate.engine.jdbc.env.internal.JdbcEnvironmentInitiator$ConnectionProviderJdbcConnectionAccess.obtainConnection(JdbcEnvironmentInitiator.java:180)
! at org.jadira.usertype.spi.shared.AbstractUserTypeHibernateIntegrator.use42Api(AbstractUserTypeHibernateIntegrator.java:83)
! at org.jadira.usertype.spi.shared.AbstractUserTypeHibernateIntegrator.integrate(AbstractUserTypeHibernateIntegrator.java:206)
! at org.hibernate.internal.SessionFactoryImpl.<init>(SessionFactoryImpl.java:281)
! at org.hibernate.boot.internal.SessionFactoryBuilderImpl.build(SessionFactoryBuilderImpl.java:460)
! at org.hibernate.cfg.Configuration.buildSessionFactory(Configuration.java:710)
! at io.dropwizard.hibernate.SessionFactoryFactory.buildSessionFactory(SessionFactoryFactory.java:96)
! at io.dropwizard.hibernate.SessionFactoryFactory.build(SessionFactoryFactory.java:49)
! at io.dropwizard.hibernate.SessionFactoryFactory.build(SessionFactoryFactory.java:39)
! at io.dropwizard.hibernate.HibernateBundle.run(HibernateBundle.java:67)
! at io.dropwizard.hibernate.HibernateBundle.run(HibernateBundle.java:19)
! at io.dropwizard.setup.Bootstrap.run(Bootstrap.java:200)
! at io.dropwizard.cli.EnvironmentCommand.run(EnvironmentCommand.java:42)
! at io.dropwizard.cli.ConfiguredCommand.run(ConfiguredCommand.java:87)
! at io.dropwizard.cli.Cli.run(Cli.java:78)
! at io.dropwizard.Application.run(Application.java:93)
! at vn.supperapp.apigw.apps.EAppManager.startHttpApp(EAppManager.java:36)
! at vn.supperapp.apigw.apps.EAppManager.start(EAppManager.java:61)
! at vn.supperapp.apigw.apps.EAppStart.main(EAppStart.java:19)
INFO  [2023-08-17 07:52:13,694] org.hibernate.type.BasicTypeRegistry: HHH000270: Type registration [java.time.Duration] overrides previous : org.hibernate.type.DurationType@2fb24ad8
INFO  [2023-08-17 07:52:13,694] org.hibernate.type.BasicTypeRegistry: HHH000270: Type registration [java.time.Instant] overrides previous : org.hibernate.type.InstantType@1db7a4ae
INFO  [2023-08-17 07:52:13,694] org.hibernate.type.BasicTypeRegistry: HHH000270: Type registration [java.time.LocalDate] overrides previous : org.hibernate.type.LocalDateType@5ab70df7
INFO  [2023-08-17 07:52:13,694] org.hibernate.type.BasicTypeRegistry: HHH000270: Type registration [java.time.LocalDateTime] overrides previous : org.hibernate.type.LocalDateTimeType@6764201e
INFO  [2023-08-17 07:52:13,695] org.hibernate.type.BasicTypeRegistry: HHH000270: Type registration [java.time.LocalTime] overrides previous : org.hibernate.type.LocalTimeType@5a3d52a0
INFO  [2023-08-17 07:52:13,695] org.hibernate.type.BasicTypeRegistry: HHH000270: Type registration [java.time.OffsetDateTime] overrides previous : org.hibernate.type.OffsetDateTimeType@7a0f1f9d
INFO  [2023-08-17 07:52:13,695] org.hibernate.type.BasicTypeRegistry: HHH000270: Type registration [java.time.OffsetTime] overrides previous : org.hibernate.type.OffsetTimeType@18356d9e
INFO  [2023-08-17 07:52:13,695] org.hibernate.type.BasicTypeRegistry: HHH000270: Type registration [java.time.ZonedDateTime] overrides previous : org.hibernate.type.ZonedDateTimeType@5e97da56
ERROR [2023-08-17 07:52:19,871] org.apache.tomcat.jdbc.pool.ConnectionPool: Unable to create initial connections of pool.
! java.net.ConnectException: Connection refused: connect
! at sun.nio.ch.Net.connect0(Native Method)
! at sun.nio.ch.Net.connect(Net.java:454)
! at sun.nio.ch.Net.connect(Net.java:446)
! at sun.nio.ch.SocketChannelImpl.connect(SocketChannelImpl.java:648)
! at java.nio.channels.SocketChannel.open(SocketChannel.java:189)
! at oracle.net.nt.TimeoutSocketChannel.connect(TimeoutSocketChannel.java:99)
! at oracle.net.nt.TimeoutSocketChannel.<init>(TimeoutSocketChannel.java:77)
! at oracle.net.nt.TcpNTAdapter.connect(TcpNTAdapter.java:192)
! ... 40 common frames omitted
! Causing: java.io.IOException: Connection refused: connect, socket connect lapse 2036 ms. localhost/0:0:0:0:0:0:0:1 1521 0 2 true
! at oracle.net.nt.TcpNTAdapter.connect(TcpNTAdapter.java:233)
! at oracle.net.nt.ConnOption.connect(ConnOption.java:174)
! at oracle.net.nt.ConnStrategy.execute(ConnStrategy.java:510)
! ... 38 common frames omitted
! Causing: oracle.net.ns.NetException: The Network Adapter could not establish the connection
! at oracle.net.nt.ConnStrategy.execute(ConnStrategy.java:571)
! at oracle.net.resolver.AddrResolution.resolveAndExecute(AddrResolution.java:548)
! at oracle.net.ns.NSProtocol.establishConnection(NSProtocol.java:682)
! at oracle.net.ns.NSProtocol.connect(NSProtocol.java:309)
! at oracle.jdbc.driver.T4CConnection.connect(T4CConnection.java:1596)
! at oracle.jdbc.driver.T4CConnection.logon(T4CConnection.java:588)
! ... 33 common frames omitted
! Causing: java.sql.SQLRecoverableException: IO Error: The Network Adapter could not establish the connection
! at oracle.jdbc.driver.T4CConnection.logon(T4CConnection.java:854)
! at oracle.jdbc.driver.PhysicalConnection.connect(PhysicalConnection.java:793)
! at oracle.jdbc.driver.T4CDriverExtension.getConnection(T4CDriverExtension.java:57)
! at oracle.jdbc.driver.OracleDriver.connect(OracleDriver.java:747)
! at oracle.jdbc.driver.OracleDriver.connect(OracleDriver.java:562)
! at org.apache.tomcat.jdbc.pool.PooledConnection.connectUsingDriver(PooledConnection.java:319)
! at org.apache.tomcat.jdbc.pool.PooledConnection.connect(PooledConnection.java:212)
! at org.apache.tomcat.jdbc.pool.ConnectionPool.createConnection(ConnectionPool.java:739)
! at org.apache.tomcat.jdbc.pool.ConnectionPool.borrowConnection(ConnectionPool.java:671)
! at org.apache.tomcat.jdbc.pool.ConnectionPool.init(ConnectionPool.java:483)
! at org.apache.tomcat.jdbc.pool.ConnectionPool.<init>(ConnectionPool.java:154)
! at org.apache.tomcat.jdbc.pool.DataSourceProxy.pCreatePool(DataSourceProxy.java:118)
! at org.apache.tomcat.jdbc.pool.DataSourceProxy.createPool(DataSourceProxy.java:107)
! at org.apache.tomcat.jdbc.pool.DataSourceProxy.getConnection(DataSourceProxy.java:131)
! at org.hibernate.engine.jdbc.connections.internal.DatasourceConnectionProviderImpl.getConnection(DatasourceConnectionProviderImpl.java:122)
! at org.hibernate.engine.jdbc.env.internal.JdbcEnvironmentInitiator$ConnectionProviderJdbcConnectionAccess.obtainConnection(JdbcEnvironmentInitiator.java:180)
! at org.jadira.usertype.spi.shared.AbstractUserTypeHibernateIntegrator.use42Api(AbstractUserTypeHibernateIntegrator.java:83)
! at org.jadira.usertype.spi.shared.AbstractUserTypeHibernateIntegrator.integrate(AbstractUserTypeHibernateIntegrator.java:206)
! at org.hibernate.internal.SessionFactoryImpl.<init>(SessionFactoryImpl.java:281)
! at org.hibernate.boot.internal.SessionFactoryBuilderImpl.build(SessionFactoryBuilderImpl.java:460)
! at org.hibernate.cfg.Configuration.buildSessionFactory(Configuration.java:710)
! at io.dropwizard.hibernate.SessionFactoryFactory.buildSessionFactory(SessionFactoryFactory.java:96)
! at io.dropwizard.hibernate.SessionFactoryFactory.build(SessionFactoryFactory.java:49)
! at io.dropwizard.hibernate.SessionFactoryFactory.build(SessionFactoryFactory.java:39)
! at io.dropwizard.hibernate.HibernateBundle.run(HibernateBundle.java:67)
! at io.dropwizard.hibernate.HibernateBundle.run(HibernateBundle.java:19)
! at io.dropwizard.setup.Bootstrap.run(Bootstrap.java:200)
! at io.dropwizard.cli.EnvironmentCommand.run(EnvironmentCommand.java:42)
! at io.dropwizard.cli.ConfiguredCommand.run(ConfiguredCommand.java:87)
! at io.dropwizard.cli.Cli.run(Cli.java:78)
! at io.dropwizard.Application.run(Application.java:93)
! at vn.supperapp.apigw.apps.EAppManager.startHttpApp(EAppManager.java:36)
! at vn.supperapp.apigw.apps.EAppManager.start(EAppManager.java:61)
! at vn.supperapp.apigw.apps.EAppStart.main(EAppStart.java:19)
ERROR [2023-08-17 07:52:26,040] org.apache.tomcat.jdbc.pool.ConnectionPool: Unable to create initial connections of pool.
! java.net.ConnectException: Connection refused: connect
! at sun.nio.ch.Net.connect0(Native Method)
! at sun.nio.ch.Net.connect(Net.java:454)
! at sun.nio.ch.Net.connect(Net.java:446)
! at sun.nio.ch.SocketChannelImpl.connect(SocketChannelImpl.java:648)
! at java.nio.channels.SocketChannel.open(SocketChannel.java:189)
! at oracle.net.nt.TimeoutSocketChannel.connect(TimeoutSocketChannel.java:99)
! at oracle.net.nt.TimeoutSocketChannel.<init>(TimeoutSocketChannel.java:77)
! at oracle.net.nt.TcpNTAdapter.connect(TcpNTAdapter.java:192)
! ... 40 common frames omitted
! Causing: java.io.IOException: Connection refused: connect, socket connect lapse 2044 ms. localhost/127.0.0.1 1521 0 2 true
! at oracle.net.nt.TcpNTAdapter.connect(TcpNTAdapter.java:233)
! at oracle.net.nt.ConnOption.connect(ConnOption.java:174)
! at oracle.net.nt.ConnStrategy.execute(ConnStrategy.java:510)
! ... 38 common frames omitted
! Causing: oracle.net.ns.NetException: The Network Adapter could not establish the connection
! at oracle.net.nt.ConnStrategy.execute(ConnStrategy.java:571)
! at oracle.net.resolver.AddrResolution.resolveAndExecute(AddrResolution.java:548)
! at oracle.net.ns.NSProtocol.establishConnection(NSProtocol.java:682)
! at oracle.net.ns.NSProtocol.connect(NSProtocol.java:309)
! at oracle.jdbc.driver.T4CConnection.connect(T4CConnection.java:1596)
! at oracle.jdbc.driver.T4CConnection.logon(T4CConnection.java:588)
! ... 33 common frames omitted
! Causing: java.sql.SQLRecoverableException: IO Error: The Network Adapter could not establish the connection
! at oracle.jdbc.driver.T4CConnection.logon(T4CConnection.java:854)
! at oracle.jdbc.driver.PhysicalConnection.connect(PhysicalConnection.java:793)
! at oracle.jdbc.driver.T4CDriverExtension.getConnection(T4CDriverExtension.java:57)
! at oracle.jdbc.driver.OracleDriver.connect(OracleDriver.java:747)
! at oracle.jdbc.driver.OracleDriver.connect(OracleDriver.java:562)
! at org.apache.tomcat.jdbc.pool.PooledConnection.connectUsingDriver(PooledConnection.java:319)
! at org.apache.tomcat.jdbc.pool.PooledConnection.connect(PooledConnection.java:212)
! at org.apache.tomcat.jdbc.pool.ConnectionPool.createConnection(ConnectionPool.java:739)
! at org.apache.tomcat.jdbc.pool.ConnectionPool.borrowConnection(ConnectionPool.java:671)
! at org.apache.tomcat.jdbc.pool.ConnectionPool.init(ConnectionPool.java:483)
! at org.apache.tomcat.jdbc.pool.ConnectionPool.<init>(ConnectionPool.java:154)
! at org.apache.tomcat.jdbc.pool.DataSourceProxy.pCreatePool(DataSourceProxy.java:118)
! at org.apache.tomcat.jdbc.pool.DataSourceProxy.createPool(DataSourceProxy.java:107)
! at org.apache.tomcat.jdbc.pool.DataSourceProxy.getConnection(DataSourceProxy.java:131)
! at org.hibernate.engine.jdbc.connections.internal.DatasourceConnectionProviderImpl.getConnection(DatasourceConnectionProviderImpl.java:122)
! at org.hibernate.engine.jdbc.env.internal.JdbcEnvironmentInitiator$ConnectionProviderJdbcConnectionAccess.obtainConnection(JdbcEnvironmentInitiator.java:180)
! at org.jadira.usertype.spi.shared.AbstractUserTypeHibernateIntegrator.use42Api(AbstractUserTypeHibernateIntegrator.java:83)
! at org.jadira.usertype.spi.shared.AbstractUserTypeHibernateIntegrator.integrate(AbstractUserTypeHibernateIntegrator.java:206)
! at org.hibernate.internal.SessionFactoryImpl.<init>(SessionFactoryImpl.java:281)
! at org.hibernate.boot.internal.SessionFactoryBuilderImpl.build(SessionFactoryBuilderImpl.java:460)
! at org.hibernate.cfg.Configuration.buildSessionFactory(Configuration.java:710)
! at io.dropwizard.hibernate.SessionFactoryFactory.buildSessionFactory(SessionFactoryFactory.java:96)
! at io.dropwizard.hibernate.SessionFactoryFactory.build(SessionFactoryFactory.java:49)
! at io.dropwizard.hibernate.SessionFactoryFactory.build(SessionFactoryFactory.java:39)
! at io.dropwizard.hibernate.HibernateBundle.run(HibernateBundle.java:67)
! at io.dropwizard.hibernate.HibernateBundle.run(HibernateBundle.java:19)
! at io.dropwizard.setup.Bootstrap.run(Bootstrap.java:200)
! at io.dropwizard.cli.EnvironmentCommand.run(EnvironmentCommand.java:42)
! at io.dropwizard.cli.ConfiguredCommand.run(ConfiguredCommand.java:87)
! at io.dropwizard.cli.Cli.run(Cli.java:78)
! at io.dropwizard.Application.run(Application.java:93)
! at vn.supperapp.apigw.apps.EAppManager.startHttpApp(EAppManager.java:36)
! at vn.supperapp.apigw.apps.EAppManager.start(EAppManager.java:61)
! at vn.supperapp.apigw.apps.EAppStart.main(EAppStart.java:19)
ERROR [2023-08-17 07:52:33,314] org.apache.tomcat.jdbc.pool.ConnectionPool: Unable to create initial connections of pool.
! java.net.ConnectException: Connection refused: connect
! at sun.nio.ch.Net.connect0(Native Method)
! at sun.nio.ch.Net.connect(Net.java:454)
! at sun.nio.ch.Net.connect(Net.java:446)
! at sun.nio.ch.SocketChannelImpl.connect(SocketChannelImpl.java:648)
! at java.nio.channels.SocketChannel.open(SocketChannel.java:189)
! at oracle.net.nt.TimeoutSocketChannel.connect(TimeoutSocketChannel.java:99)
! at oracle.net.nt.TimeoutSocketChannel.<init>(TimeoutSocketChannel.java:77)
! at oracle.net.nt.TcpNTAdapter.connect(TcpNTAdapter.java:192)
! ... 42 common frames omitted
! Causing: java.io.IOException: Connection refused: connect, socket connect lapse 2103 ms. /210.245.52.107 1521 0 1 true
! at oracle.net.nt.TcpNTAdapter.connect(TcpNTAdapter.java:233)
! at oracle.net.nt.ConnOption.connect(ConnOption.java:174)
! at oracle.net.nt.ConnStrategy.execute(ConnStrategy.java:510)
! ... 40 common frames omitted
! Causing: oracle.net.ns.NetException: The Network Adapter could not establish the connection
! at oracle.net.nt.ConnStrategy.execute(ConnStrategy.java:571)
! at oracle.net.resolver.AddrResolution.resolveAndExecute(AddrResolution.java:548)
! at oracle.net.ns.NSProtocol.establishConnection(NSProtocol.java:682)
! at oracle.net.ns.NSProtocol.connect(NSProtocol.java:309)
! at oracle.jdbc.driver.T4CConnection.connect(T4CConnection.java:1596)
! at oracle.jdbc.driver.T4CConnection.logon(T4CConnection.java:588)
! ... 35 common frames omitted
! Causing: java.sql.SQLRecoverableException: IO Error: The Network Adapter could not establish the connection
! at oracle.jdbc.driver.T4CConnection.logon(T4CConnection.java:854)
! at oracle.jdbc.driver.PhysicalConnection.connect(PhysicalConnection.java:793)
! at oracle.jdbc.driver.T4CDriverExtension.getConnection(T4CDriverExtension.java:57)
! at oracle.jdbc.driver.OracleDriver.connect(OracleDriver.java:747)
! at oracle.jdbc.driver.OracleDriver.connect(OracleDriver.java:562)
! at org.apache.tomcat.jdbc.pool.PooledConnection.connectUsingDriver(PooledConnection.java:319)
! at org.apache.tomcat.jdbc.pool.PooledConnection.connect(PooledConnection.java:212)
! at org.apache.tomcat.jdbc.pool.ConnectionPool.createConnection(ConnectionPool.java:739)
! at org.apache.tomcat.jdbc.pool.ConnectionPool.borrowConnection(ConnectionPool.java:671)
! at org.apache.tomcat.jdbc.pool.ConnectionPool.init(ConnectionPool.java:483)
! at org.apache.tomcat.jdbc.pool.ConnectionPool.<init>(ConnectionPool.java:154)
! at org.apache.tomcat.jdbc.pool.DataSourceProxy.pCreatePool(DataSourceProxy.java:118)
! at org.apache.tomcat.jdbc.pool.DataSourceProxy.createPool(DataSourceProxy.java:107)
! at org.apache.tomcat.jdbc.pool.DataSourceProxy.getConnection(DataSourceProxy.java:131)
! at org.hibernate.engine.jdbc.connections.internal.DatasourceConnectionProviderImpl.getConnection(DatasourceConnectionProviderImpl.java:122)
! at org.hibernate.internal.SessionFactoryImpl$1.obtainConnection(SessionFactoryImpl.java:427)
! at org.hibernate.hql.spi.id.IdTableHelper.executeIdTableCreationStatements(IdTableHelper.java:67)
! at org.hibernate.hql.spi.id.global.GlobalTemporaryTableBulkIdStrategy.finishPreparation(GlobalTemporaryTableBulkIdStrategy.java:125)
! at org.hibernate.hql.spi.id.global.GlobalTemporaryTableBulkIdStrategy.finishPreparation(GlobalTemporaryTableBulkIdStrategy.java:42)
! at org.hibernate.hql.spi.id.AbstractMultiTableBulkIdStrategyImpl.prepare(AbstractMultiTableBulkIdStrategyImpl.java:88)
! at org.hibernate.internal.SessionFactoryImpl.<init>(SessionFactoryImpl.java:305)
! at org.hibernate.boot.internal.SessionFactoryBuilderImpl.build(SessionFactoryBuilderImpl.java:460)
! at org.hibernate.cfg.Configuration.buildSessionFactory(Configuration.java:710)
! at io.dropwizard.hibernate.SessionFactoryFactory.buildSessionFactory(SessionFactoryFactory.java:96)
! at io.dropwizard.hibernate.SessionFactoryFactory.build(SessionFactoryFactory.java:49)
! at io.dropwizard.hibernate.SessionFactoryFactory.build(SessionFactoryFactory.java:39)
! at io.dropwizard.hibernate.HibernateBundle.run(HibernateBundle.java:67)
! at io.dropwizard.hibernate.HibernateBundle.run(HibernateBundle.java:19)
! at io.dropwizard.setup.Bootstrap.run(Bootstrap.java:200)
! at io.dropwizard.cli.EnvironmentCommand.run(EnvironmentCommand.java:42)
! at io.dropwizard.cli.ConfiguredCommand.run(ConfiguredCommand.java:87)
! at io.dropwizard.cli.Cli.run(Cli.java:78)
! at io.dropwizard.Application.run(Application.java:93)
! at vn.supperapp.apigw.apps.EAppManager.startHttpApp(EAppManager.java:36)
! at vn.supperapp.apigw.apps.EAppManager.start(EAppManager.java:61)
! at vn.supperapp.apigw.apps.EAppStart.main(EAppStart.java:19)
ERROR [2023-08-17 07:52:33,315] org.hibernate.hql.spi.id.IdTableHelper: Unable obtain JDBC Connection
! java.net.ConnectException: Connection refused: connect
! at sun.nio.ch.Net.connect0(Native Method)
! at sun.nio.ch.Net.connect(Net.java:454)
! at sun.nio.ch.Net.connect(Net.java:446)
! at sun.nio.ch.SocketChannelImpl.connect(SocketChannelImpl.java:648)
! at java.nio.channels.SocketChannel.open(SocketChannel.java:189)
! at oracle.net.nt.TimeoutSocketChannel.connect(TimeoutSocketChannel.java:99)
! at oracle.net.nt.TimeoutSocketChannel.<init>(TimeoutSocketChannel.java:77)
! at oracle.net.nt.TcpNTAdapter.connect(TcpNTAdapter.java:192)
! ... 42 common frames omitted
! Causing: java.io.IOException: Connection refused: connect, socket connect lapse 2103 ms. /210.245.52.107 1521 0 1 true
! at oracle.net.nt.TcpNTAdapter.connect(TcpNTAdapter.java:233)
! at oracle.net.nt.ConnOption.connect(ConnOption.java:174)
! at oracle.net.nt.ConnStrategy.execute(ConnStrategy.java:510)
! ... 40 common frames omitted
! Causing: oracle.net.ns.NetException: The Network Adapter could not establish the connection
! at oracle.net.nt.ConnStrategy.execute(ConnStrategy.java:571)
! at oracle.net.resolver.AddrResolution.resolveAndExecute(AddrResolution.java:548)
! at oracle.net.ns.NSProtocol.establishConnection(NSProtocol.java:682)
! at oracle.net.ns.NSProtocol.connect(NSProtocol.java:309)
! at oracle.jdbc.driver.T4CConnection.connect(T4CConnection.java:1596)
! at oracle.jdbc.driver.T4CConnection.logon(T4CConnection.java:588)
! ... 35 common frames omitted
! Causing: java.sql.SQLRecoverableException: IO Error: The Network Adapter could not establish the connection
! at oracle.jdbc.driver.T4CConnection.logon(T4CConnection.java:854)
! at oracle.jdbc.driver.PhysicalConnection.connect(PhysicalConnection.java:793)
! at oracle.jdbc.driver.T4CDriverExtension.getConnection(T4CDriverExtension.java:57)
! at oracle.jdbc.driver.OracleDriver.connect(OracleDriver.java:747)
! at oracle.jdbc.driver.OracleDriver.connect(OracleDriver.java:562)
! at org.apache.tomcat.jdbc.pool.PooledConnection.connectUsingDriver(PooledConnection.java:319)
! at org.apache.tomcat.jdbc.pool.PooledConnection.connect(PooledConnection.java:212)
! at org.apache.tomcat.jdbc.pool.ConnectionPool.createConnection(ConnectionPool.java:739)
! at org.apache.tomcat.jdbc.pool.ConnectionPool.borrowConnection(ConnectionPool.java:671)
! at org.apache.tomcat.jdbc.pool.ConnectionPool.init(ConnectionPool.java:483)
! at org.apache.tomcat.jdbc.pool.ConnectionPool.<init>(ConnectionPool.java:154)
! at org.apache.tomcat.jdbc.pool.DataSourceProxy.pCreatePool(DataSourceProxy.java:118)
! at org.apache.tomcat.jdbc.pool.DataSourceProxy.createPool(DataSourceProxy.java:107)
! at org.apache.tomcat.jdbc.pool.DataSourceProxy.getConnection(DataSourceProxy.java:131)
! at org.hibernate.engine.jdbc.connections.internal.DatasourceConnectionProviderImpl.getConnection(DatasourceConnectionProviderImpl.java:122)
! at org.hibernate.internal.SessionFactoryImpl$1.obtainConnection(SessionFactoryImpl.java:427)
! at org.hibernate.hql.spi.id.IdTableHelper.executeIdTableCreationStatements(IdTableHelper.java:67)
! at org.hibernate.hql.spi.id.global.GlobalTemporaryTableBulkIdStrategy.finishPreparation(GlobalTemporaryTableBulkIdStrategy.java:125)
! at org.hibernate.hql.spi.id.global.GlobalTemporaryTableBulkIdStrategy.finishPreparation(GlobalTemporaryTableBulkIdStrategy.java:42)
! at org.hibernate.hql.spi.id.AbstractMultiTableBulkIdStrategyImpl.prepare(AbstractMultiTableBulkIdStrategyImpl.java:88)
! at org.hibernate.internal.SessionFactoryImpl.<init>(SessionFactoryImpl.java:305)
! at org.hibernate.boot.internal.SessionFactoryBuilderImpl.build(SessionFactoryBuilderImpl.java:460)
! at org.hibernate.cfg.Configuration.buildSessionFactory(Configuration.java:710)
! at io.dropwizard.hibernate.SessionFactoryFactory.buildSessionFactory(SessionFactoryFactory.java:96)
! at io.dropwizard.hibernate.SessionFactoryFactory.build(SessionFactoryFactory.java:49)
! at io.dropwizard.hibernate.SessionFactoryFactory.build(SessionFactoryFactory.java:39)
! at io.dropwizard.hibernate.HibernateBundle.run(HibernateBundle.java:67)
! at io.dropwizard.hibernate.HibernateBundle.run(HibernateBundle.java:19)
! at io.dropwizard.setup.Bootstrap.run(Bootstrap.java:200)
! at io.dropwizard.cli.EnvironmentCommand.run(EnvironmentCommand.java:42)
! at io.dropwizard.cli.ConfiguredCommand.run(ConfiguredCommand.java:87)
! at io.dropwizard.cli.Cli.run(Cli.java:78)
! at io.dropwizard.Application.run(Application.java:93)
! at vn.supperapp.apigw.apps.EAppManager.startHttpApp(EAppManager.java:36)
! at vn.supperapp.apigw.apps.EAppManager.start(EAppManager.java:61)
! at vn.supperapp.apigw.apps.EAppStart.main(EAppStart.java:19)
INFO  [2023-08-17 07:52:33,451] io.dropwizard.bundles.assets.ConfiguredAssetsBundle: Registering ConfiguredAssetBundle with name: assets for path /assets/*
INFO  [2023-08-17 07:52:33,477] vn.supperapp.apigw.configs.AppConfigurations: #loadConfigurations - load config
INFO  [2023-08-17 07:52:33,477] vn.supperapp.apigw.configs.AppConfigurations: #loadConfigurations - load SMS CONFIG INFO
INFO  [2023-08-17 07:52:33,597] vn.supperapp.apigw.configs.AppConfigurations: #loadConfigurations - load config
INFO  [2023-08-17 07:52:33,597] vn.supperapp.apigw.configs.AppConfigurations: #loadConfigurations - load SMS CONFIG INFO
INFO  [2023-08-17 07:52:33,618] vn.supperapp.apigw.utils.WebLocalizableUtils: #loadConfig - Start to load configuration from file
INFO  [2023-08-17 07:52:33,687] io.dropwizard.server.ServerFactory: Starting Microtec Apigateway
INFO  [2023-08-17 07:52:33,826] org.eclipse.jetty.setuid.SetUIDListener: Opened application@1d1c5bb5{HTTP/1.1,[http/1.1]}{0.0.0.0:8686}
INFO  [2023-08-17 07:52:33,830] org.eclipse.jetty.server.Server: jetty-9.4.10.v20180503; built: 2018-05-03T15:56:21.710Z; git: daa59876e6f384329b122929e70a80934569428c; jvm 1.8.0_201-b09
ERROR [2023-08-17 07:52:40,030] org.apache.tomcat.jdbc.pool.ConnectionPool: Unable to create initial connections of pool.
! java.net.ConnectException: Connection refused: connect
! at sun.nio.ch.Net.connect0(Native Method)
! at sun.nio.ch.Net.connect(Net.java:454)
! at sun.nio.ch.Net.connect(Net.java:446)
! at sun.nio.ch.SocketChannelImpl.connect(SocketChannelImpl.java:648)
! at java.nio.channels.SocketChannel.open(SocketChannel.java:189)
! at oracle.net.nt.TimeoutSocketChannel.connect(TimeoutSocketChannel.java:99)
! at oracle.net.nt.TimeoutSocketChannel.<init>(TimeoutSocketChannel.java:77)
! at oracle.net.nt.TcpNTAdapter.connect(TcpNTAdapter.java:192)
! ... 37 common frames omitted
! Causing: java.io.IOException: Connection refused: connect, socket connect lapse 2112 ms. /210.245.52.107 1521 0 1 true
! at oracle.net.nt.TcpNTAdapter.connect(TcpNTAdapter.java:233)
! at oracle.net.nt.ConnOption.connect(ConnOption.java:174)
! at oracle.net.nt.ConnStrategy.execute(ConnStrategy.java:510)
! ... 35 common frames omitted
! Causing: oracle.net.ns.NetException: The Network Adapter could not establish the connection
! at oracle.net.nt.ConnStrategy.execute(ConnStrategy.java:571)
! at oracle.net.resolver.AddrResolution.resolveAndExecute(AddrResolution.java:548)
! at oracle.net.ns.NSProtocol.establishConnection(NSProtocol.java:682)
! at oracle.net.ns.NSProtocol.connect(NSProtocol.java:309)
! at oracle.jdbc.driver.T4CConnection.connect(T4CConnection.java:1596)
! at oracle.jdbc.driver.T4CConnection.logon(T4CConnection.java:588)
! ... 30 common frames omitted
! Causing: java.sql.SQLRecoverableException: IO Error: The Network Adapter could not establish the connection
! at oracle.jdbc.driver.T4CConnection.logon(T4CConnection.java:854)
! at oracle.jdbc.driver.PhysicalConnection.connect(PhysicalConnection.java:793)
! at oracle.jdbc.driver.T4CDriverExtension.getConnection(T4CDriverExtension.java:57)
! at oracle.jdbc.driver.OracleDriver.connect(OracleDriver.java:747)
! at oracle.jdbc.driver.OracleDriver.connect(OracleDriver.java:562)
! at org.apache.tomcat.jdbc.pool.PooledConnection.connectUsingDriver(PooledConnection.java:319)
! at org.apache.tomcat.jdbc.pool.PooledConnection.connect(PooledConnection.java:212)
! at org.apache.tomcat.jdbc.pool.ConnectionPool.createConnection(ConnectionPool.java:739)
! at org.apache.tomcat.jdbc.pool.ConnectionPool.borrowConnection(ConnectionPool.java:671)
! at org.apache.tomcat.jdbc.pool.ConnectionPool.init(ConnectionPool.java:483)
! at org.apache.tomcat.jdbc.pool.ConnectionPool.<init>(ConnectionPool.java:154)
! at org.apache.tomcat.jdbc.pool.DataSourceProxy.pCreatePool(DataSourceProxy.java:118)
! at org.apache.tomcat.jdbc.pool.DataSourceProxy.createPool(DataSourceProxy.java:107)
! at io.dropwizard.db.ManagedPooledDataSource.start(ManagedPooledDataSource.java:37)
! at io.dropwizard.hibernate.SessionFactoryManager.start(SessionFactoryManager.java:24)
! at io.dropwizard.lifecycle.JettyManaged.doStart(JettyManaged.java:27)
! at org.eclipse.jetty.util.component.AbstractLifeCycle.start(AbstractLifeCycle.java:68)
! at org.eclipse.jetty.util.component.ContainerLifeCycle.start(ContainerLifeCycle.java:138)
! at org.eclipse.jetty.server.Server.start(Server.java:419)
! at org.eclipse.jetty.util.component.ContainerLifeCycle.doStart(ContainerLifeCycle.java:117)
! at org.eclipse.jetty.server.handler.AbstractHandler.doStart(AbstractHandler.java:113)
! at org.eclipse.jetty.server.Server.doStart(Server.java:386)
! at org.eclipse.jetty.util.component.AbstractLifeCycle.start(AbstractLifeCycle.java:68)
! at io.dropwizard.cli.ServerCommand.run(ServerCommand.java:53)
! at io.dropwizard.cli.EnvironmentCommand.run(EnvironmentCommand.java:44)
! at io.dropwizard.cli.ConfiguredCommand.run(ConfiguredCommand.java:87)
! at io.dropwizard.cli.Cli.run(Cli.java:78)
! at io.dropwizard.Application.run(Application.java:93)
! at vn.supperapp.apigw.apps.EAppManager.startHttpApp(EAppManager.java:36)
! at vn.supperapp.apigw.apps.EAppManager.start(EAppManager.java:61)
! at vn.supperapp.apigw.apps.EAppStart.main(EAppStart.java:19)
INFO  [2023-08-17 07:52:40,084] org.eclipse.jetty.server.AbstractConnector: Started application@1d1c5bb5{HTTP/1.1,[http/1.1]}{0.0.0.0:8686}
ERROR [2023-08-17 07:52:40,084] io.dropwizard.cli.ServerCommand: Unable to start server, shutting down
! java.net.ConnectException: Connection refused: connect
! at sun.nio.ch.Net.connect0(Native Method)
! at sun.nio.ch.Net.connect(Net.java:454)
! at sun.nio.ch.Net.connect(Net.java:446)
! at sun.nio.ch.SocketChannelImpl.connect(SocketChannelImpl.java:648)
! at java.nio.channels.SocketChannel.open(SocketChannel.java:189)
! at oracle.net.nt.TimeoutSocketChannel.connect(TimeoutSocketChannel.java:99)
! at oracle.net.nt.TimeoutSocketChannel.<init>(TimeoutSocketChannel.java:77)
! at oracle.net.nt.TcpNTAdapter.connect(TcpNTAdapter.java:192)
! ... 37 common frames omitted
! Causing: java.io.IOException: Connection refused: connect, socket connect lapse 2112 ms. /210.245.52.107 1521 0 1 true
! at oracle.net.nt.TcpNTAdapter.connect(TcpNTAdapter.java:233)
! at oracle.net.nt.ConnOption.connect(ConnOption.java:174)
! at oracle.net.nt.ConnStrategy.execute(ConnStrategy.java:510)
! ... 35 common frames omitted
! Causing: oracle.net.ns.NetException: The Network Adapter could not establish the connection
! at oracle.net.nt.ConnStrategy.execute(ConnStrategy.java:571)
! at oracle.net.resolver.AddrResolution.resolveAndExecute(AddrResolution.java:548)
! at oracle.net.ns.NSProtocol.establishConnection(NSProtocol.java:682)
! at oracle.net.ns.NSProtocol.connect(NSProtocol.java:309)
! at oracle.jdbc.driver.T4CConnection.connect(T4CConnection.java:1596)
! at oracle.jdbc.driver.T4CConnection.logon(T4CConnection.java:588)
! ... 30 common frames omitted
! Causing: java.sql.SQLRecoverableException: IO Error: The Network Adapter could not establish the connection
! at oracle.jdbc.driver.T4CConnection.logon(T4CConnection.java:854)
! at oracle.jdbc.driver.PhysicalConnection.connect(PhysicalConnection.java:793)
! at oracle.jdbc.driver.T4CDriverExtension.getConnection(T4CDriverExtension.java:57)
! at oracle.jdbc.driver.OracleDriver.connect(OracleDriver.java:747)
! at oracle.jdbc.driver.OracleDriver.connect(OracleDriver.java:562)
! at org.apache.tomcat.jdbc.pool.PooledConnection.connectUsingDriver(PooledConnection.java:319)
! at org.apache.tomcat.jdbc.pool.PooledConnection.connect(PooledConnection.java:212)
! at org.apache.tomcat.jdbc.pool.ConnectionPool.createConnection(ConnectionPool.java:739)
! at org.apache.tomcat.jdbc.pool.ConnectionPool.borrowConnection(ConnectionPool.java:671)
! at org.apache.tomcat.jdbc.pool.ConnectionPool.init(ConnectionPool.java:483)
! at org.apache.tomcat.jdbc.pool.ConnectionPool.<init>(ConnectionPool.java:154)
! at org.apache.tomcat.jdbc.pool.DataSourceProxy.pCreatePool(DataSourceProxy.java:118)
! at org.apache.tomcat.jdbc.pool.DataSourceProxy.createPool(DataSourceProxy.java:107)
! at io.dropwizard.db.ManagedPooledDataSource.start(ManagedPooledDataSource.java:37)
! at io.dropwizard.hibernate.SessionFactoryManager.start(SessionFactoryManager.java:24)
! at io.dropwizard.lifecycle.JettyManaged.doStart(JettyManaged.java:27)
! at org.eclipse.jetty.util.component.AbstractLifeCycle.start(AbstractLifeCycle.java:68)
! at org.eclipse.jetty.util.component.ContainerLifeCycle.start(ContainerLifeCycle.java:138)
! at org.eclipse.jetty.server.Server.start(Server.java:419)
! at org.eclipse.jetty.util.component.ContainerLifeCycle.doStart(ContainerLifeCycle.java:117)
! at org.eclipse.jetty.server.handler.AbstractHandler.doStart(AbstractHandler.java:113)
! at org.eclipse.jetty.server.Server.doStart(Server.java:386)
! at org.eclipse.jetty.util.component.AbstractLifeCycle.start(AbstractLifeCycle.java:68)
! at io.dropwizard.cli.ServerCommand.run(ServerCommand.java:53)
! at io.dropwizard.cli.EnvironmentCommand.run(EnvironmentCommand.java:44)
! at io.dropwizard.cli.ConfiguredCommand.run(ConfiguredCommand.java:87)
! at io.dropwizard.cli.Cli.run(Cli.java:78)
! at io.dropwizard.Application.run(Application.java:93)
! at vn.supperapp.apigw.apps.EAppManager.startHttpApp(EAppManager.java:36)
! at vn.supperapp.apigw.apps.EAppManager.start(EAppManager.java:61)
! at vn.supperapp.apigw.apps.EAppStart.main(EAppStart.java:19)
INFO  [2023-08-17 07:52:40,105] org.eclipse.jetty.server.AbstractConnector: Stopped application@1d1c5bb5{HTTP/1.1,[http/1.1]}{0.0.0.0:8686}
